{"D:\\Study\\6th Semester\\SCD Lab\\Lab8\\Event\\index.js": {"path":"D:\\Study\\6th Semester\\SCD Lab\\Lab8\\Event\\index.js","statementMap":{"0":{"start":{"line":8,"column":0},"end":{"line":8,"column":16}},"1":{"start":{"line":9,"column":12},"end":{"line":9,"column":21}},"2":{"start":{"line":10,"column":0},"end":{"line":10,"column":24}},"3":{"start":{"line":11,"column":0},"end":{"line":11,"column":16}},"4":{"start":{"line":12,"column":0},"end":{"line":12,"column":32}},"5":{"start":{"line":14,"column":14},"end":{"line":14,"column":34}},"6":{"start":{"line":15,"column":13},"end":{"line":15,"column":29}},"7":{"start":{"line":17,"column":0},"end":{"line":21,"column":3}},"8":{"start":{"line":18,"column":4},"end":{"line":18,"column":41}},"9":{"start":{"line":20,"column":4},"end":{"line":20,"column":45}},"10":{"start":{"line":24,"column":0},"end":{"line":26,"column":3}},"11":{"start":{"line":25,"column":4},"end":{"line":25,"column":53}},"12":{"start":{"line":28,"column":13},"end":{"line":28,"column":17}},"13":{"start":{"line":29,"column":0},"end":{"line":33,"column":1}},"14":{"start":{"line":30,"column":4},"end":{"line":32,"column":7}},"15":{"start":{"line":31,"column":8},"end":{"line":31,"column":57}}},"fnMap":{"0":{"name":"(anonymous_0)","decl":{"start":{"line":17,"column":33},"end":{"line":17,"column":34}},"loc":{"start":{"line":17,"column":39},"end":{"line":19,"column":1}},"line":17},"1":{"name":"(anonymous_1)","decl":{"start":{"line":19,"column":9},"end":{"line":19,"column":10}},"loc":{"start":{"line":19,"column":20},"end":{"line":21,"column":1}},"line":19},"2":{"name":"(anonymous_2)","decl":{"start":{"line":24,"column":17},"end":{"line":24,"column":18}},"loc":{"start":{"line":24,"column":23},"end":{"line":26,"column":1}},"line":24},"3":{"name":"(anonymous_3)","decl":{"start":{"line":30,"column":30},"end":{"line":30,"column":31}},"loc":{"start":{"line":30,"column":36},"end":{"line":32,"column":5}},"line":30}},"branchMap":{"0":{"loc":{"start":{"line":29,"column":0},"end":{"line":33,"column":1}},"type":"if","locations":[{"start":{"line":29,"column":0},"end":{"line":33,"column":1}},{"start":{},"end":{}}],"line":29}},"s":{"0":1,"1":1,"2":1,"3":1,"4":1,"5":1,"6":1,"7":1,"8":0,"9":0,"10":1,"11":0,"12":1,"13":1,"14":0,"15":0},"f":{"0":0,"1":0,"2":0,"3":0},"b":{"0":[0,1]},"inputSourceMap":null,"_coverageSchema":"1a1c01bbd47fc00a2c39e90264f33305004495a9","hash":"f638fe40c10c984643899787e0f134d2a3371fb5"}
,"D:\\Study\\6th Semester\\SCD Lab\\Lab8\\Event\\controllers\\eventController.js": {"path":"D:\\Study\\6th Semester\\SCD Lab\\Lab8\\Event\\controllers\\eventController.js","statementMap":{"0":{"start":{"line":4,"column":27},"end":{"line":26,"column":1}},"1":{"start":{"line":5,"column":63},"end":{"line":5,"column":71}},"2":{"start":{"line":7,"column":4},"end":{"line":25,"column":5}},"3":{"start":{"line":8,"column":29},"end":{"line":8,"column":79}},"4":{"start":{"line":10,"column":25},"end":{"line":17,"column":10}},"5":{"start":{"line":19,"column":8},"end":{"line":19,"column":30}},"6":{"start":{"line":20,"column":25},"end":{"line":20,"column":114}},"7":{"start":{"line":21,"column":8},"end":{"line":21,"column":39}},"8":{"start":{"line":24,"column":8},"end":{"line":24,"column":36}},"9":{"start":{"line":28,"column":25},"end":{"line":47,"column":1}},"10":{"start":{"line":29,"column":24},"end":{"line":29,"column":34}},"11":{"start":{"line":31,"column":4},"end":{"line":46,"column":5}},"12":{"start":{"line":33,"column":6},"end":{"line":36,"column":7}},"13":{"start":{"line":34,"column":8},"end":{"line":35,"column":27}},"14":{"start":{"line":38,"column":6},"end":{"line":40,"column":7}},"15":{"start":{"line":39,"column":8},"end":{"line":39,"column":54}},"16":{"start":{"line":42,"column":6},"end":{"line":42,"column":39}},"17":{"start":{"line":45,"column":6},"end":{"line":45,"column":78}},"18":{"start":{"line":49,"column":31},"end":{"line":65,"column":1}},"19":{"start":{"line":50,"column":32},"end":{"line":50,"column":40}},"20":{"start":{"line":52,"column":4},"end":{"line":64,"column":5}},"21":{"start":{"line":53,"column":20},"end":{"line":53,"column":54}},"22":{"start":{"line":54,"column":6},"end":{"line":56,"column":7}},"23":{"start":{"line":55,"column":8},"end":{"line":55,"column":68}},"24":{"start":{"line":58,"column":6},"end":{"line":58,"column":32}},"25":{"start":{"line":59,"column":6},"end":{"line":59,"column":25}},"26":{"start":{"line":61,"column":6},"end":{"line":61,"column":73}},"27":{"start":{"line":63,"column":6},"end":{"line":63,"column":78}},"28":{"start":{"line":67,"column":28},"end":{"line":80,"column":1}},"29":{"start":{"line":68,"column":23},"end":{"line":68,"column":33}},"30":{"start":{"line":69,"column":4},"end":{"line":79,"column":5}},"31":{"start":{"line":70,"column":29},"end":{"line":70,"column":79}},"32":{"start":{"line":71,"column":8},"end":{"line":73,"column":9}},"33":{"start":{"line":72,"column":10},"end":{"line":72,"column":69}},"34":{"start":{"line":75,"column":23},"end":{"line":75,"column":47}},"35":{"start":{"line":76,"column":8},"end":{"line":76,"column":37}},"36":{"start":{"line":78,"column":8},"end":{"line":78,"column":74}}},"fnMap":{"0":{"name":"(anonymous_0)","decl":{"start":{"line":4,"column":27},"end":{"line":4,"column":28}},"loc":{"start":{"line":4,"column":47},"end":{"line":26,"column":1}},"line":4},"1":{"name":"(anonymous_1)","decl":{"start":{"line":28,"column":25},"end":{"line":28,"column":26}},"loc":{"start":{"line":28,"column":45},"end":{"line":47,"column":1}},"line":28},"2":{"name":"(anonymous_2)","decl":{"start":{"line":49,"column":31},"end":{"line":49,"column":32}},"loc":{"start":{"line":49,"column":51},"end":{"line":65,"column":1}},"line":49},"3":{"name":"(anonymous_3)","decl":{"start":{"line":67,"column":28},"end":{"line":67,"column":29}},"loc":{"start":{"line":67,"column":48},"end":{"line":80,"column":1}},"line":67}},"branchMap":{"0":{"loc":{"start":{"line":33,"column":6},"end":{"line":36,"column":7}},"type":"if","locations":[{"start":{"line":33,"column":6},"end":{"line":36,"column":7}},{"start":{},"end":{}}],"line":33},"1":{"loc":{"start":{"line":38,"column":6},"end":{"line":40,"column":7}},"type":"if","locations":[{"start":{"line":38,"column":6},"end":{"line":40,"column":7}},{"start":{},"end":{}}],"line":38},"2":{"loc":{"start":{"line":54,"column":6},"end":{"line":56,"column":7}},"type":"if","locations":[{"start":{"line":54,"column":6},"end":{"line":56,"column":7}},{"start":{},"end":{}}],"line":54},"3":{"loc":{"start":{"line":71,"column":8},"end":{"line":73,"column":9}},"type":"if","locations":[{"start":{"line":71,"column":8},"end":{"line":73,"column":9}},{"start":{},"end":{}}],"line":71}},"s":{"0":1,"1":0,"2":0,"3":0,"4":0,"5":0,"6":0,"7":0,"8":0,"9":1,"10":0,"11":0,"12":0,"13":0,"14":0,"15":0,"16":0,"17":0,"18":1,"19":0,"20":0,"21":0,"22":0,"23":0,"24":0,"25":0,"26":0,"27":0,"28":1,"29":0,"30":0,"31":0,"32":0,"33":0,"34":0,"35":0,"36":0},"f":{"0":0,"1":0,"2":0,"3":0},"b":{"0":[0,0],"1":[0,0],"2":[0,0],"3":[0,0]},"inputSourceMap":null,"_coverageSchema":"1a1c01bbd47fc00a2c39e90264f33305004495a9","hash":"893c494fbfcfdc94b48234c268969681f56980da"}
,"D:\\Study\\6th Semester\\SCD Lab\\Lab8\\Event\\models\\eventModel.js": {"path":"D:\\Study\\6th Semester\\SCD Lab\\Lab8\\Event\\models\\eventModel.js","statementMap":{"0":{"start":{"line":2,"column":20},"end":{"line":13,"column":2}},"1":{"start":{"line":14,"column":14},"end":{"line":14,"column":50}}},"fnMap":{},"branchMap":{},"s":{"0":1,"1":1},"f":{},"b":{},"inputSourceMap":null,"_coverageSchema":"1a1c01bbd47fc00a2c39e90264f33305004495a9","hash":"652e5ca8793a33989269a0f18d37ad1c4009b2b0"}
,"D:\\Study\\6th Semester\\SCD Lab\\Lab8\\Event\\routes\\eventRoutes.js": {"path":"D:\\Study\\6th Semester\\SCD Lab\\Lab8\\Event\\routes\\eventRoutes.js","statementMap":{"0":{"start":{"line":9,"column":15},"end":{"line":9,"column":31}},"1":{"start":{"line":10,"column":0},"end":{"line":10,"column":30}},"2":{"start":{"line":11,"column":0},"end":{"line":11,"column":35}},"3":{"start":{"line":12,"column":0},"end":{"line":12,"column":41}},"4":{"start":{"line":13,"column":0},"end":{"line":13,"column":39}}},"fnMap":{},"branchMap":{},"s":{"0":1,"1":1,"2":1,"3":1,"4":1},"f":{},"b":{},"inputSourceMap":null,"_coverageSchema":"1a1c01bbd47fc00a2c39e90264f33305004495a9","hash":"7b94e0b2ef638b7ca2bbcd2f8e706377eb77e22c"}
}
